[2025-04-21 19:23:17] POST /whatsapp/qrcode
Dados: {
    "phone": null
}
Código HTTP: 404
Resposta: <!DOCTYPE html>
<html lang="pt-BR">
    <head>
        <meta charset="utf-8">
        <meta name="viewport" content="width=device-width, initial-scale=1">
        
        <link rel="shortcut icon" type="image/x-icon" href="https://api.menuia.com/uploads/favicon.png">
        <title>Not Found</title>
        <link rel="stylesheet" href="https://api.menuia.com/assets/frontend/css/bootstrap.min.css">
        <link rel="stylesheet" href="https://api.menuia.com/assets/frontend/css/style.css?v=1.0">
        <!-- Styles -->
        
    </head>
    <body class="grey-bg">
        <main>
      <!-- error area start -->
      <div class="breadcrumb__area breadcrumb-height p-relative grey-bg mt-8-per"
         data-background="https://api.menuia.com/assets/frontend/img/breadcrumb/breadcrumb.jpg">        
         <div class="container">
            <div class="row">
               <div class="col-xxl-12">
                  <div class="breadcrumb__content text-center">
                     <h3 class="breadcrumb__title">404</h3>
                     <div class="breadcrumb__list">
                        <span>Not Found</span>
                     </div>
                  </div>
               </div>
            </div>
         </div>
      </div>
      <!-- error area end -->      
   </main>
   <script src="https://api.menuia.com/assets/frontend/js/jquery.js"></script>
   <script src="https://api.menuia.com/assets/frontend/js/bootstrap.bundle.min.js"></script>
   <script src="https://api.menuia.com/assets/frontend/js/magnific-popup.js"></script>
   <script src="https://api.menuia.com/assets/frontend/js/wow.js"></script>
   <script src="https://api.menuia.com/assets/frontend/js/meanmenu.js"></script>
   <script src="https://api.menuia.com/assets/frontend/js/main.js"></script>
    </body>
</html>

----------------------------------------
[2025-04-21 19:28:18] POST /whatsapp/qrcode
Dados: {
    "phone": null
}
Código HTTP: 404
Resposta: <!DOCTYPE html>
<html lang="pt-BR">
    <head>
        <meta charset="utf-8">
        <meta name="viewport" content="width=device-width, initial-scale=1">
        
        <link rel="shortcut icon" type="image/x-icon" href="https://api.menuia.com/uploads/favicon.png">
        <title>Not Found</title>
        <link rel="stylesheet" href="https://api.menuia.com/assets/frontend/css/bootstrap.min.css">
        <link rel="stylesheet" href="https://api.menuia.com/assets/frontend/css/style.css?v=1.0">
        <!-- Styles -->
        
    </head>
    <body class="grey-bg">
        <main>
      <!-- error area start -->
      <div class="breadcrumb__area breadcrumb-height p-relative grey-bg mt-8-per"
         data-background="https://api.menuia.com/assets/frontend/img/breadcrumb/breadcrumb.jpg">        
         <div class="container">
            <div class="row">
               <div class="col-xxl-12">
                  <div class="breadcrumb__content text-center">
                     <h3 class="breadcrumb__title">404</h3>
                     <div class="breadcrumb__list">
                        <span>Not Found</span>
                     </div>
                  </div>
               </div>
            </div>
         </div>
      </div>
      <!-- error area end -->      
   </main>
   <script src="https://api.menuia.com/assets/frontend/js/jquery.js"></script>
   <script src="https://api.menuia.com/assets/frontend/js/bootstrap.bundle.min.js"></script>
   <script src="https://api.menuia.com/assets/frontend/js/magnific-popup.js"></script>
   <script src="https://api.menuia.com/assets/frontend/js/wow.js"></script>
   <script src="https://api.menuia.com/assets/frontend/js/meanmenu.js"></script>
   <script src="https://api.menuia.com/assets/frontend/js/main.js"></script>
    </body>
</html>

----------------------------------------
